
PATCH /api/auth/avatars 2023-02-23_08:36:26
GET /api/auth/avatars/63f7af551fdcc82e1ad76639_avatar.jpg 2023-02-23_08:36:48
PATCH /api/auth/avatars 2023-02-23_08:37:20
PATCH /api/auth/avatars 2023-02-23_08:37:25
GET /api/auth/63f7af551fdcc82e1ad76639_avatar.jpg 2023-02-23_08:39:16
GET /api/auth/avatars/63f7af551fdcc82e1ad76639_avatar.jpg 2023-02-23_08:46:51
PATCH /api/auth/avatars 2023-02-23_08:48:26
GET /api/auth/avatars/63f7af551fdcc82e1ad76639_avatar.jpg 2023-02-23_08:49:01
PATCH /api/auth/avatars 2023-02-23_08:50:45
PATCH /api/auth/avatars 2023-02-23_08:50:51
PATCH /api/auth/avatars 2023-02-23_08:54:54
PATCH /api/auth/avatars 2023-02-23_08:54:58
PATCH /api/auth/avatars 2023-02-23_08:55:34
POST /api/auth/register 2023-02-23_08:55:43
POST /api/auth/login 2023-02-23_08:55:49
PATCH /api/auth/avatars 2023-02-23_08:56:18
PATCH /api/auth/avatars 2023-02-23_08:56:23
PATCH /api/auth/avatar 2023-02-23_08:56:36
PATCH /api/auth/avatars 2023-02-23_08:58:32
PATCH /api/auth/avatars 2023-02-23_08:58:39
PATCH /api/auth/avatars 2023-02-23_08:58:49
PATCH /api/auth/avatars 2023-02-23_09:10:01
PATCH /api/auth/avatars 2023-02-23_09:10:55
PATCH /api/auth/avatars 2023-02-23_09:11:17
PATCH /api/auth/avatars 2023-02-23_09:12:55
PATCH /api/auth/avatars 2023-02-23_09:14:11
PATCH /api/auth/avatars 2023-02-23_09:15:16
PATCH /api/auth/avatars 2023-02-23_09:16:01
PATCH /api/auth/avatars 2023-02-23_09:17:14
PATCH /api/auth/avatars 2023-02-23_09:17:39
PATCH /api/auth/avatars 2023-02-23_09:18:34
PATCH /api/auth/avatars 2023-02-23_09:19:19
PATCH /api/auth/avatars 2023-02-23_09:19:57
PATCH /api/auth/avatars 2023-02-23_09:20:38
PATCH /api/auth/avatars 2023-02-23_09:21:26
PATCH /api/auth/avatars 2023-02-23_09:21:58
PATCH /api/auth/avatars 2023-02-23_09:22:36
PATCH /api/auth/avatars 2023-02-23_09:24:08
PATCH /api/auth/avatars 2023-02-23_09:24:30
PATCH /api/auth/avatars 2023-02-23_09:24:52
PATCH /api/auth/avatars 2023-02-23_09:25:31
PATCH /api/auth/avatars 2023-02-23_09:27:08
GET /avatars/63f7af551fdcc82e1ad76639_avatar.jpg 2023-02-23_09:27:08
PATCH /api/auth/avatars 2023-02-23_09:29:32
PATCH /api/auth/avatars 2023-02-23_09:29:50
PATCH /api/auth/avatars 2023-02-23_09:31:17
PATCH /api/auth/avatars 2023-02-23_09:32:56
PATCH /api/auth/avatars 2023-02-23_09:34:04
GET /temp/IMG_20210609_171219.jpg 2023-02-23_09:34:04
PATCH /api/auth/avatars 2023-02-23_09:39:13
PATCH /api/auth/avatars 2023-02-23_09:39:50
PATCH /api/auth/avatars 2023-02-23_09:56:06
PATCH /api/auth/avatars 2023-02-23_09:57:08
PATCH /api/auth/avatars 2023-02-23_09:57:37
PATCH /api/auth/avatars 2023-02-23_09:59:08
PATCH /api/auth/avatars 2023-02-23_10:00:58
PATCH /api/auth/avatars 2023-02-23_10:01:24
PATCH /api/auth/avatars 2023-02-23_10:03:21
PATCH /api/auth/avatars 2023-02-23_10:03:48
PATCH /api/auth/avatars 2023-02-23_10:07:52
PATCH /api/auth/avatars 2023-02-23_10:08:26
PATCH /api/auth/avatars 2023-02-23_10:08:58
PATCH /api/auth/avatars 2023-02-23_10:09:17
PATCH /api/auth/avatars 2023-02-23_10:10:41
PATCH /api/auth/avatars 2023-02-23_10:11:57
PATCH /api/auth/avatars 2023-02-23_10:13:12
PATCH /api/auth/avatars 2023-02-23_10:14:55
PATCH /api/auth/avatars 2023-02-23_10:15:51
PATCH /api/auth/avatars 2023-02-23_10:16:49
PATCH /api/auth/avatars 2023-02-23_10:17:36
PATCH /api/auth/avatars 2023-02-23_10:18:32
PATCH /api/auth/avatars 2023-02-23_10:19:28
PATCH /api/auth/avatars 2023-02-23_10:21:29
PATCH /api/auth/avatars 2023-02-23_10:22:04
PATCH /api/auth/avatars 2023-02-23_10:22:56
PATCH /api/auth/avatars 2023-02-23_10:23:55
PATCH /api/auth/avatars 2023-02-23_10:24:33
PATCH /api/auth/avatars 2023-02-23_10:25:12
PATCH /api/auth/avatars 2023-02-23_10:26:40
PATCH /api/auth/avatars 2023-02-23_10:27:05
PATCH /api/auth/avatars 2023-02-23_10:33:20
PATCH /api/auth/avatars 2023-02-23_10:34:44
PATCH /api/auth/avatars 2023-02-23_10:36:15
PATCH /api/auth/avatars 2023-02-23_10:37:07
PATCH /api/auth/avatars 2023-02-23_10:38:26
PATCH /api/auth/avatars 2023-02-23_10:38:41